2015-10-29 09:04:14,651 WARN  : app started.
2015-10-29 09:16:30,972 WARN  : app stopped.
2015-10-29 09:23:12,641 WARN  : app started.
2015-10-29 10:13:19,691 WARN  : app started.
2015-10-29 10:49:15,635 WARN  : app stopped.
2015-10-29 10:51:23,238 WARN  : app started.
2015-10-29 11:40:26,545 ERROR : 
.客户信息：
	Ip:::1
	浏览器:Firefox
	浏览器版本:41
	操作系统:WinNT
.错误信息：
	页面：http://localhost:44653/SysManager/undefined?_=1446090016226
	错误信息：在控制器“HyCtbuEco2015.Controllers.SysManagerController”上未找到公共操作方法“undefined”。
	错误源：System.Web.Mvc
	异常方法：Void HandleUnknownAction(System.String)
	堆栈信息：   在 System.Web.Mvc.Controller.HandleUnknownAction(String actionName)
   在 System.Web.Mvc.Controller.<>c__DisplayClass1d.<BeginExecuteCore>b__18(IAsyncResult asyncResult)
   在 System.Web.Mvc.Async.AsyncResultWrapper.<>c__DisplayClass4.<MakeVoidDelegate>b__3(IAsyncResult ar)
   在 System.Web.Mvc.Async.AsyncResultWrapper.WrappedAsyncResult`1.End()
   在 System.Web.Mvc.Controller.EndExecuteCore(IAsyncResult asyncResult)
   在 System.Web.Mvc.Async.AsyncResultWrapper.<>c__DisplayClass4.<MakeVoidDelegate>b__3(IAsyncResult ar)
   在 System.Web.Mvc.Async.AsyncResultWrapper.WrappedAsyncResult`1.End()
   在 System.Web.Mvc.Controller.EndExecute(IAsyncResult asyncResult)
   在 System.Web.Mvc.Controller.System.Web.Mvc.Async.IAsyncController.EndExecute(IAsyncResult asyncResult)
   在 System.Web.Mvc.MvcHandler.<>c__DisplayClass8.<BeginProcessRequest>b__3(IAsyncResult asyncResult)
   在 System.Web.Mvc.Async.AsyncResultWrapper.<>c__DisplayClass4.<MakeVoidDelegate>b__3(IAsyncResult ar)
   在 System.Web.Mvc.Async.AsyncResultWrapper.WrappedAsyncResult`1.End()
   在 System.Web.Mvc.MvcHandler.EndProcessRequest(IAsyncResult asyncResult)
   在 System.Web.Mvc.MvcHandler.System.Web.IHttpAsyncHandler.EndProcessRequest(IAsyncResult result)
   在 System.Web.HttpApplication.CallHandlerExecutionStep.System.Web.HttpApplication.IExecutionStep.Execute()
   在 System.Web.HttpApplication.ExecuteStep(IExecutionStep step, Boolean& completedSynchronously)
--------------------------------------------------------------------------------------------------
2015-10-29 11:41:54,209 ERROR : 
.客户信息：
	Ip:::1
	浏览器:Firefox
	浏览器版本:41
	操作系统:WinNT
.错误信息：
	页面：http://localhost:44653/SysManager/undefined?_=1446090113659
	错误信息：在控制器“HyCtbuEco2015.Controllers.SysManagerController”上未找到公共操作方法“undefined”。
	错误源：System.Web.Mvc
	异常方法：Void HandleUnknownAction(System.String)
	堆栈信息：   在 System.Web.Mvc.Controller.HandleUnknownAction(String actionName)
   在 System.Web.Mvc.Controller.<>c__DisplayClass1d.<BeginExecuteCore>b__18(IAsyncResult asyncResult)
   在 System.Web.Mvc.Async.AsyncResultWrapper.<>c__DisplayClass4.<MakeVoidDelegate>b__3(IAsyncResult ar)
   在 System.Web.Mvc.Async.AsyncResultWrapper.WrappedAsyncResult`1.End()
   在 System.Web.Mvc.Controller.EndExecuteCore(IAsyncResult asyncResult)
   在 System.Web.Mvc.Async.AsyncResultWrapper.<>c__DisplayClass4.<MakeVoidDelegate>b__3(IAsyncResult ar)
   在 System.Web.Mvc.Async.AsyncResultWrapper.WrappedAsyncResult`1.End()
   在 System.Web.Mvc.Controller.EndExecute(IAsyncResult asyncResult)
   在 System.Web.Mvc.Controller.System.Web.Mvc.Async.IAsyncController.EndExecute(IAsyncResult asyncResult)
   在 System.Web.Mvc.MvcHandler.<>c__DisplayClass8.<BeginProcessRequest>b__3(IAsyncResult asyncResult)
   在 System.Web.Mvc.Async.AsyncResultWrapper.<>c__DisplayClass4.<MakeVoidDelegate>b__3(IAsyncResult ar)
   在 System.Web.Mvc.Async.AsyncResultWrapper.WrappedAsyncResult`1.End()
   在 System.Web.Mvc.MvcHandler.EndProcessRequest(IAsyncResult asyncResult)
   在 System.Web.Mvc.MvcHandler.System.Web.IHttpAsyncHandler.EndProcessRequest(IAsyncResult result)
   在 System.Web.HttpApplication.CallHandlerExecutionStep.System.Web.HttpApplication.IExecutionStep.Execute()
   在 System.Web.HttpApplication.ExecuteStep(IExecutionStep step, Boolean& completedSynchronously)
--------------------------------------------------------------------------------------------------
2015-10-29 11:54:10,662 WARN  : app stopped.
2015-10-29 11:55:58,445 WARN  : app started.
2015-10-29 16:34:31,146 WARN  : app stopped.
2015-10-29 16:34:43,080 WARN  : app started.
2015-10-29 19:35:49,639 WARN  : app started.
2015-10-29 19:36:11,569 WARN  : app started.
2015-10-29 19:36:24,884 WARN  : app started.
2015-10-29 19:37:09,457 WARN  : app started.
